Running: /opt/Xilinx/14.6/ISE_DS/ISE/bin/lin64/unwrapped/fuse -intstyle ise -incremental -lib unisims_ver -lib unimacro_ver -lib xilinxcorelib_ver -lib secureip -o /home/nestea/Documentos/Mojo-Hexapod/syn/TestCam_isim_beh.exe -prj /home/nestea/Documentos/Mojo-Hexapod/syn/TestCam_beh.prj work.TestCam work.glbl 
ISim P.68d (signature 0xfbc00daa)
Number of CPUs detected in this system: 4
Turning on mult-threading, number of parallel sub-compilation jobs: 8 
Determining compilation order of HDL files
Analyzing Verilog file "/home/nestea/Documentos/Mojo-Hexapod/syn/../src/sccb.v" into library work
Analyzing Verilog file "/home/nestea/Documentos/Mojo-Hexapod/syn/../src/ov2640_reg.v" into library work
Analyzing Verilog file "/home/nestea/Documentos/Mojo-Hexapod/syn/../ipcore_dir/camera_fifo.v" into library work
Analyzing Verilog file "/home/nestea/Documentos/Mojo-Hexapod/syn/../src/ov2640.v" into library work
Analyzing Verilog file "/home/nestea/Documentos/Mojo-Hexapod/syn/../TestCam.v" into library work
Analyzing Verilog file "/opt/Xilinx/14.6/ISE_DS/ISE//verilog/src/glbl.v" into library work
Starting static elaboration
Completed static elaboration
Fuse Memory Usage: 97500 KB
Fuse CPU Usage: 1280 ms
Compiling module ODDR2_default
Compiling module fifo_generator_v9_3_sync_stage(C...
Compiling module fifo_generator_v9_3_bhv_ver_as(C...
Compiling module fifo_generator_v9_3_bhv_ver_prel...
Compiling module FIFO_GENERATOR_V9_3_CONV_VER(C_C...
Compiling module FIFO_GENERATOR_V9_3(C_DATA_COUNT...
Compiling module camera_fifo
Compiling module sccb
Compiling module ov2640_reg
Compiling module ov2640
Compiling module TestCam
Compiling module glbl
Time Resolution for simulation is 1ps.
Waiting for 4 sub-compilation(s) to finish...
Compiled 12 Verilog Units
Built simulation executable /home/nestea/Documentos/Mojo-Hexapod/syn/TestCam_isim_beh.exe
Fuse Memory Usage: 661224 KB
Fuse CPU Usage: 1420 ms
GCC CPU Usage: 2910 ms
