Release 14.6 - xst P.68d (lin64)
Copyright (c) 1995-2013 Xilinx, Inc.  All rights reserved.
--> 

TABLE OF CONTENTS
  1) Synthesis Options Summary
  2) HDL Parsing
  3) HDL Elaboration
  4) HDL Synthesis
       4.1) HDL Synthesis Report
  5) Advanced HDL Synthesis
       5.1) Advanced HDL Synthesis Report
  6) Low Level Synthesis
  7) Partition Report
  8) Design Summary
       8.1) Primitive and Black Box Usage
       8.2) Device utilization summary
       8.3) Partition Resource Summary
       8.4) Timing Report
            8.4.1) Clock Information
            8.4.2) Asynchronous Control Signals Information
            8.4.3) Timing Summary
            8.4.4) Timing Details
            8.4.5) Cross Clock Domains Report


=========================================================================
*                      Synthesis Options Summary                        *
=========================================================================
---- Source Parameters
Input File Name                    : "project.src"
Input Format                       : mixed

---- Target Parameters
Target Device                      : xc7a100t-1csg324
Output File Name                   : "project.ngc"
Output Format                      : NGC

---- Source Options
Top Module Name                    : ov2640

---- General Options
Optimization Goal                  : Area
Optimization Effort                : 1
RTL Output                         : yes

=========================================================================


=========================================================================
*                          HDL Parsing                                  *
=========================================================================
Analyzing Verilog file "/home/nestea/Documentos/Digital 2/Digital-prestamo-de-equipos/ProjectDigi2/ov2640.v" into library work
Parsing module <ov2640>.
ERROR:HDLCompiler:806 - "/home/nestea/Documentos/Digital 2/Digital-prestamo-de-equipos/ProjectDigi2/ov2640.v" Line 32: Syntax error near "ODDR2_inst".
ERROR:HDLCompiler:598 - "/home/nestea/Documentos/Digital 2/Digital-prestamo-de-equipos/ProjectDigi2/ov2640.v" Line 1: Module <ov2640> ignored due to previous errors.
Verilog file /home/nestea/Documentos/Digital 2/Digital-prestamo-de-equipos/ProjectDigi2/ov2640.v ignored due to errors
--> 


Total memory usage is 339500 kilobytes

Number of errors   :    2 (   0 filtered)
Number of warnings :    0 (   0 filtered)
Number of infos    :    0 (   0 filtered)

